{"level":"info","message":"Launch the Core Buyer URL","timestamp":"2019-12-19T06:04:43.096Z"}
{"level":"info","message":"maxmize the window","timestamp":"2019-12-19T06:04:43.099Z"}
{"level":"info","message":"Enter username","timestamp":"2019-12-19T06:05:06.874Z"}
{"level":"info","message":"Enter Password","timestamp":"2019-12-19T06:05:06.878Z"}
{"level":"info","message":"Click on Browse Product","timestamp":"2019-12-19T06:05:29.041Z"}
{"level":"info","message":"Launch the Core Buyer URL","timestamp":"2019-12-19T06:18:32.678Z"}
{"level":"info","message":"maxmize the window","timestamp":"2019-12-19T06:18:32.680Z"}
{"level":"info","message":"Enter username","timestamp":"2019-12-19T06:18:53.550Z"}
{"level":"info","message":"Enter Password","timestamp":"2019-12-19T06:18:53.553Z"}
{"level":"info","message":"Click on Browse Product","timestamp":"2019-12-19T06:19:15.733Z"}
{"level":"info","message":"Launch the Core Buyer URL","timestamp":"2019-12-19T06:56:04.420Z"}
{"level":"info","message":"maxmize the window","timestamp":"2019-12-19T06:56:04.422Z"}
{"level":"info","message":"Enter username","timestamp":"2019-12-19T06:56:25.582Z"}
{"level":"info","message":"Enter Password","timestamp":"2019-12-19T06:56:25.585Z"}
{"level":"info","message":"Click on Browse Product","timestamp":"2019-12-19T06:56:47.769Z"}
{"level":"info","message":"Launch the Core Buyer URL","timestamp":"2019-12-19T06:58:42.527Z"}
{"level":"info","message":"maxmize the window","timestamp":"2019-12-19T06:58:42.529Z"}
{"level":"info","message":"Enter username","timestamp":"2019-12-19T06:59:06.949Z"}
{"level":"info","message":"Enter Password","timestamp":"2019-12-19T06:59:06.952Z"}
{"level":"info","message":"Click on Browse Product","timestamp":"2019-12-19T06:59:29.397Z"}
{"level":"info","message":"Launch the Core Buyer URL","timestamp":"2019-12-19T07:02:39.417Z"}
{"level":"info","message":"maxmize the window","timestamp":"2019-12-19T07:02:39.420Z"}
{"level":"info","message":"Enter username","timestamp":"2019-12-19T07:03:01.005Z"}
{"level":"info","message":"Enter Password","timestamp":"2019-12-19T07:03:01.009Z"}
{"level":"info","message":"Click on Browse Product","timestamp":"2019-12-19T07:03:23.184Z"}
{"level":"info","message":"Launch the Core Buyer URL","timestamp":"2019-12-19T07:19:13.145Z"}
{"level":"info","message":"maxmize the window","timestamp":"2019-12-19T07:19:13.148Z"}
{"level":"info","message":"Enter username","timestamp":"2019-12-19T07:19:35.620Z"}
{"level":"info","message":"Enter Password","timestamp":"2019-12-19T07:19:35.623Z"}
{"level":"info","message":"Click on Browse Product","timestamp":"2019-12-19T07:19:57.993Z"}
{"level":"info","message":"Launch the Core Buyer URL","timestamp":"2019-12-19T07:22:02.497Z"}
{"level":"info","message":"maxmize the window","timestamp":"2019-12-19T07:22:02.498Z"}
{"level":"info","message":"Enter username","timestamp":"2019-12-19T07:22:23.536Z"}
{"level":"info","message":"Enter Password","timestamp":"2019-12-19T07:22:23.540Z"}
{"level":"info","message":"Click on Browse Product","timestamp":"2019-12-19T07:22:45.954Z"}
{"level":"info","message":"Launch the Core Buyer URL","timestamp":"2019-12-19T07:25:08.518Z"}
{"level":"info","message":"maxmize the window","timestamp":"2019-12-19T07:25:08.520Z"}
{"level":"info","message":"Enter username","timestamp":"2019-12-19T07:25:35.047Z"}
{"level":"info","message":"Enter Password","timestamp":"2019-12-19T07:25:35.051Z"}
{"level":"info","message":"Click on Browse Product","timestamp":"2019-12-19T07:25:57.470Z"}
{"level":"info","message":"Launch the Core Buyer URL","timestamp":"2019-12-19T07:27:15.048Z"}
{"level":"info","message":"maxmize the window","timestamp":"2019-12-19T07:27:15.051Z"}
{"level":"info","message":"Enter username","timestamp":"2019-12-19T07:27:36.746Z"}
{"level":"info","message":"Enter Password","timestamp":"2019-12-19T07:27:36.749Z"}
{"level":"info","message":"Click on Browse Product","timestamp":"2019-12-19T07:27:59.160Z"}
{"level":"info","message":"Launch the Core Buyer URL","timestamp":"2019-12-19T07:30:29.663Z"}
{"level":"info","message":"maxmize the window","timestamp":"2019-12-19T07:30:29.665Z"}
{"level":"info","message":"Enter username","timestamp":"2019-12-19T07:30:50.588Z"}
{"level":"info","message":"Enter Password","timestamp":"2019-12-19T07:30:50.591Z"}
{"level":"info","message":"Click on Browse Product","timestamp":"2019-12-19T07:31:12.795Z"}
{"level":"info","message":"Launch the Core Buyer URL","timestamp":"2019-12-19T07:33:27.872Z"}
{"level":"info","message":"maxmize the window","timestamp":"2019-12-19T07:33:27.873Z"}
{"level":"info","message":"Enter username","timestamp":"2019-12-19T07:35:02.539Z"}
{"level":"info","message":"Enter Password","timestamp":"2019-12-19T07:35:02.542Z"}
{"level":"info","message":"Click on Browse Product","timestamp":"2019-12-19T07:35:24.802Z"}
{"level":"info","message":"Launch the Core Buyer URL","timestamp":"2019-12-19T07:39:01.301Z"}
{"level":"info","message":"maxmize the window","timestamp":"2019-12-19T07:39:01.303Z"}
{"level":"info","message":"Enter username","timestamp":"2019-12-19T07:39:22.046Z"}
{"level":"info","message":"Enter Password","timestamp":"2019-12-19T07:39:22.049Z"}
{"level":"info","message":"Click on Browse Product","timestamp":"2019-12-19T07:39:44.499Z"}
{"level":"info","message":"Launch the Core Buyer URL","timestamp":"2019-12-19T07:40:55.560Z"}
{"level":"info","message":"maxmize the window","timestamp":"2019-12-19T07:40:55.562Z"}
{"level":"info","message":"Enter username","timestamp":"2019-12-19T07:41:16.559Z"}
{"level":"info","message":"Enter Password","timestamp":"2019-12-19T07:41:16.563Z"}
{"level":"info","message":"Click on Browse Product","timestamp":"2019-12-19T07:41:39.034Z"}
{"level":"info","message":"Launch the Core Buyer URL","timestamp":"2019-12-19T07:43:01.445Z"}
{"level":"info","message":"maxmize the window","timestamp":"2019-12-19T07:43:01.448Z"}
{"level":"info","message":"Enter username","timestamp":"2019-12-19T07:43:22.515Z"}
{"level":"info","message":"Enter Password","timestamp":"2019-12-19T07:43:22.518Z"}
{"level":"info","message":"Click on Browse Product","timestamp":"2019-12-19T07:43:45.006Z"}
{"level":"info","message":"Launch the Core Buyer URL","timestamp":"2019-12-19T07:45:30.959Z"}
{"level":"info","message":"maxmize the window","timestamp":"2019-12-19T07:45:30.961Z"}
{"level":"info","message":"Enter username","timestamp":"2019-12-19T07:45:51.711Z"}
{"level":"info","message":"Enter Password","timestamp":"2019-12-19T07:45:51.714Z"}
{"level":"info","message":"Click on Browse Product","timestamp":"2019-12-19T07:46:14.223Z"}
{"level":"info","message":"Launch the Core Buyer URL","timestamp":"2019-12-19T08:18:25.971Z"}
{"level":"info","message":"Launch the Core Buyer URL","timestamp":"2019-12-19T08:21:32.496Z"}
{"level":"info","message":"Launch the Core Buyer URL","timestamp":"2019-12-19T09:05:35.354Z"}
{"level":"info","message":"Launch the Core Buyer URL","timestamp":"2019-12-19T09:07:01.849Z"}
{"level":"info","message":"Launch the Core Buyer URL","timestamp":"2019-12-19T09:10:10.458Z"}
{"level":"info","message":"Launch the Core Buyer URL","timestamp":"2019-12-19T09:11:12.003Z"}
{"level":"info","message":"Launch the Core Buyer URL","timestamp":"2019-12-19T09:12:14.387Z"}
{"level":"info","message":"Launch the Core Buyer URL","timestamp":"2019-12-19T09:26:25.977Z"}
{"level":"info","message":"Launch the Core Buyer URL","timestamp":"2019-12-19T09:27:29.226Z"}
{"level":"info","message":"Launch the Core Buyer URL","timestamp":"2019-12-19T09:28:43.870Z"}
{"level":"info","message":"Launch the Core Buyer URL","timestamp":"2019-12-19T09:30:10.133Z"}
{"level":"info","message":"Launch the Core Buyer URL","timestamp":"2019-12-19T09:31:29.491Z"}
{"level":"info","message":"Launch the Core Buyer URL","timestamp":"2019-12-19T09:33:08.217Z"}
{"level":"info","message":"Launch the Core Buyer URL","timestamp":"2019-12-19T10:25:59.971Z"}
{"level":"info","message":"maxmize the window","timestamp":"2019-12-19T10:25:59.973Z"}
{"level":"info","message":"Enter username","timestamp":"2019-12-19T10:26:24.135Z"}
{"level":"info","message":"Enter Password","timestamp":"2019-12-19T10:26:24.138Z"}
{"level":"info","message":"Launch the Core Buyer URL","timestamp":"2019-12-19T10:29:29.809Z"}
{"level":"info","message":"maxmize the window","timestamp":"2019-12-19T10:29:29.811Z"}
{"level":"info","message":"Enter username","timestamp":"2019-12-19T10:29:53.055Z"}
{"level":"info","message":"Enter Password","timestamp":"2019-12-19T10:29:53.058Z"}
{"level":"info","message":"Launch the Core Buyer URL","timestamp":"2019-12-19T10:34:19.781Z"}
{"level":"info","message":"maxmize the window","timestamp":"2019-12-19T10:34:19.783Z"}
{"level":"info","message":"Enter username","timestamp":"2019-12-19T10:34:41.946Z"}
{"level":"info","message":"Enter Password","timestamp":"2019-12-19T10:34:41.949Z"}
{"level":"info","message":"Launch the Core Buyer URL","timestamp":"2019-12-19T10:36:42.186Z"}
{"level":"info","message":"maxmize the window","timestamp":"2019-12-19T10:36:42.188Z"}
{"level":"info","message":"Enter username","timestamp":"2019-12-19T10:37:04.066Z"}
{"level":"info","message":"Enter Password","timestamp":"2019-12-19T10:37:04.070Z"}
{"level":"info","message":"Launch the Core Buyer URL","timestamp":"2019-12-19T11:51:56.453Z"}
{"level":"info","message":"maxmize the window","timestamp":"2019-12-19T11:51:56.455Z"}
{"level":"info","message":"Enter username","timestamp":"2019-12-19T11:52:19.258Z"}
{"level":"info","message":"Enter Password","timestamp":"2019-12-19T11:52:19.261Z"}
{"level":"info","message":"Launch the Core Buyer URL","timestamp":"2019-12-19T11:54:34.843Z"}
{"level":"info","message":"maxmize the window","timestamp":"2019-12-19T11:54:34.845Z"}
{"level":"info","message":"Enter username","timestamp":"2019-12-19T11:54:56.681Z"}
{"level":"info","message":"Enter Password","timestamp":"2019-12-19T11:54:56.684Z"}
{"level":"info","message":"Launch the Core Buyer URL","timestamp":"2019-12-19T11:57:46.543Z"}
{"level":"info","message":"maxmize the window","timestamp":"2019-12-19T11:57:46.544Z"}
{"level":"info","message":"Enter username","timestamp":"2019-12-19T11:58:07.899Z"}
{"level":"info","message":"Enter Password","timestamp":"2019-12-19T11:58:07.903Z"}
{"level":"info","message":"Launch the Core Buyer URL","timestamp":"2019-12-19T11:59:02.648Z"}
{"level":"info","message":"maxmize the window","timestamp":"2019-12-19T11:59:02.650Z"}
{"level":"info","message":"Enter username","timestamp":"2019-12-19T11:59:24.385Z"}
{"level":"info","message":"Enter Password","timestamp":"2019-12-19T11:59:24.388Z"}
{"level":"info","message":"Launch the Core Buyer URL","timestamp":"2019-12-19T12:03:43.028Z"}
{"level":"info","message":"maxmize the window","timestamp":"2019-12-19T12:03:43.030Z"}
{"level":"info","message":"Enter username","timestamp":"2019-12-19T12:04:06.186Z"}
{"level":"info","message":"Enter Password","timestamp":"2019-12-19T12:04:06.190Z"}
{"level":"info","message":"Launch the Core Buyer URL","timestamp":"2019-12-19T12:06:40.306Z"}
{"level":"info","message":"maxmize the window","timestamp":"2019-12-19T12:06:40.308Z"}
{"level":"info","message":"Enter username","timestamp":"2019-12-19T12:07:01.678Z"}
{"level":"info","message":"Enter Password","timestamp":"2019-12-19T12:07:01.682Z"}
{"level":"info","message":"Launch the Core Buyer URL","timestamp":"2019-12-19T12:08:04.020Z"}
{"level":"info","message":"maxmize the window","timestamp":"2019-12-19T12:08:04.022Z"}
{"level":"info","message":"Enter username","timestamp":"2019-12-19T12:08:25.787Z"}
{"level":"info","message":"Enter Password","timestamp":"2019-12-19T12:08:25.790Z"}
{"level":"info","message":"Launch the Core Buyer URL","timestamp":"2019-12-19T12:32:53.653Z"}
{"level":"info","message":"Launch the Core Buyer URL","timestamp":"2019-12-19T12:33:37.728Z"}
{"level":"info","message":"Launch the Core Buyer URL","timestamp":"2019-12-19T12:38:36.781Z"}
{"level":"info","message":"Launch the Core Buyer URL","timestamp":"2019-12-19T12:38:48.658Z"}
{"level":"info","message":"Launch the Core Buyer URL","timestamp":"2019-12-19T13:04:48.148Z"}
{"level":"info","message":"maxmize the window","timestamp":"2019-12-19T13:04:48.150Z"}
{"level":"info","message":"Enter username","timestamp":"2019-12-19T13:05:12.734Z"}
{"level":"info","message":"Enter Password","timestamp":"2019-12-19T13:05:12.738Z"}
{"level":"info","message":"Launch the Core Buyer URL","timestamp":"2019-12-19T13:43:26.208Z"}
{"level":"info","message":"maxmize the window","timestamp":"2019-12-19T13:43:26.210Z"}
{"level":"info","message":"Enter username","timestamp":"2019-12-19T13:43:48.622Z"}
{"level":"info","message":"Enter Password","timestamp":"2019-12-19T13:43:48.626Z"}
{"level":"info","message":"Click on Browse Product","timestamp":"2019-12-19T13:44:51.659Z"}
{"level":"info","message":"Launch the Core Buyer URL","timestamp":"2019-12-19T13:45:23.707Z"}
{"level":"info","message":"maxmize the window","timestamp":"2019-12-19T13:45:23.709Z"}
{"level":"info","message":"Enter username","timestamp":"2019-12-19T13:45:44.149Z"}
{"level":"info","message":"Enter Password","timestamp":"2019-12-19T13:45:44.153Z"}
{"level":"info","message":"Click on Browse Product","timestamp":"2019-12-19T13:47:00.859Z"}
{"level":"info","message":"Click on checkout","timestamp":"2019-12-19T13:47:31.697Z"}
{"level":"info","message":"Click on One time Address","timestamp":"2019-12-19T13:47:31.700Z"}
{"level":"info","message":"select country","timestamp":"2019-12-19T13:47:31.701Z"}
{"level":"info","message":"Enter first namet","timestamp":"2019-12-19T13:47:31.703Z"}
{"level":"info","message":"Enter Last Name","timestamp":"2019-12-19T13:47:31.705Z"}
{"level":"info","message":"Enter company Name","timestamp":"2019-12-19T13:47:31.707Z"}
{"level":"info","message":"Enter Address1","timestamp":"2019-12-19T13:47:31.710Z"}
{"level":"info","message":"Enter Address2","timestamp":"2019-12-19T13:47:31.712Z"}
{"level":"info","message":"Enter city Name","timestamp":"2019-12-19T13:47:31.714Z"}
{"level":"info","message":"Select State","timestamp":"2019-12-19T13:47:31.715Z"}
{"level":"info","message":"Enter zipcodet","timestamp":"2019-12-19T13:47:31.717Z"}
{"level":"info","message":"Enter Phone","timestamp":"2019-12-19T13:47:31.719Z"}
{"level":"info","message":"Click on Save","timestamp":"2019-12-19T13:47:31.721Z"}
{"level":"info","message":"Click on save and continue","timestamp":"2019-12-19T13:47:31.723Z"}
{"level":"info","message":"Select shipping Method","timestamp":"2019-12-19T13:47:31.724Z"}
{"level":"info","message":"Click on Save and continue","timestamp":"2019-12-19T13:47:31.725Z"}
{"level":"info","message":"Enter Comments","timestamp":"2019-12-19T13:47:31.729Z"}
{"level":"info","message":"Enter dummy instruction","timestamp":"2019-12-19T13:47:31.731Z"}
{"level":"info","message":"Enter wareHouse inst..","timestamp":"2019-12-19T13:47:31.733Z"}
{"level":"info","message":"Click on Submit order","timestamp":"2019-12-19T13:47:31.738Z"}
{"level":"info","message":"Launch the Core Buyer URL","timestamp":"2019-12-19T13:48:44.981Z"}
{"level":"info","message":"maxmize the window","timestamp":"2019-12-19T13:48:44.983Z"}
{"level":"info","message":"Enter username","timestamp":"2019-12-19T13:49:11.396Z"}
{"level":"info","message":"Enter Password","timestamp":"2019-12-19T13:49:11.399Z"}
{"level":"info","message":"Click on Browse Product","timestamp":"2019-12-19T13:50:28.805Z"}
{"level":"info","message":"Click on checkout","timestamp":"2019-12-19T13:51:29.076Z"}
{"level":"info","message":"Click on One time Address","timestamp":"2019-12-19T13:51:29.078Z"}
{"level":"info","message":"select country","timestamp":"2019-12-19T13:51:29.080Z"}
{"level":"info","message":"Enter first namet","timestamp":"2019-12-19T13:51:29.083Z"}
{"level":"info","message":"Enter Last Name","timestamp":"2019-12-19T13:51:29.085Z"}
{"level":"info","message":"Enter company Name","timestamp":"2019-12-19T13:51:29.087Z"}
{"level":"info","message":"Enter Address1","timestamp":"2019-12-19T13:51:29.089Z"}
{"level":"info","message":"Enter Address2","timestamp":"2019-12-19T13:51:29.091Z"}
{"level":"info","message":"Enter city Name","timestamp":"2019-12-19T13:51:29.093Z"}
{"level":"info","message":"Select State","timestamp":"2019-12-19T13:51:29.095Z"}
{"level":"info","message":"Enter zipcodet","timestamp":"2019-12-19T13:51:29.098Z"}
{"level":"info","message":"Enter Phone","timestamp":"2019-12-19T13:51:29.100Z"}
{"level":"info","message":"Click on Save","timestamp":"2019-12-19T13:51:29.102Z"}
{"level":"info","message":"Click on save and continue","timestamp":"2019-12-19T13:51:29.104Z"}
{"level":"info","message":"Select shipping Method","timestamp":"2019-12-19T13:51:29.104Z"}
{"level":"info","message":"Click on Save and continue","timestamp":"2019-12-19T13:51:29.106Z"}
{"level":"info","message":"Enter Comments","timestamp":"2019-12-19T13:51:29.108Z"}
{"level":"info","message":"Enter dummy instruction","timestamp":"2019-12-19T13:51:29.114Z"}
{"level":"info","message":"Enter wareHouse inst..","timestamp":"2019-12-19T13:51:29.116Z"}
{"level":"info","message":"Click on Submit order","timestamp":"2019-12-19T13:51:29.121Z"}
{"level":"info","message":"Launch the Core Buyer URL","timestamp":"2019-12-19T13:53:51.644Z"}
{"level":"info","message":"maxmize the window","timestamp":"2019-12-19T13:53:51.646Z"}
{"level":"info","message":"Enter username","timestamp":"2019-12-19T13:54:13.498Z"}
{"level":"info","message":"Enter Password","timestamp":"2019-12-19T13:54:13.502Z"}
{"level":"info","message":"Click on Browse Product","timestamp":"2019-12-19T13:55:30.883Z"}
{"level":"info","message":"Click on checkout","timestamp":"2019-12-19T13:56:17.371Z"}
{"level":"info","message":"Click on One time Address","timestamp":"2019-12-19T13:56:17.374Z"}
{"level":"info","message":"select country","timestamp":"2019-12-19T13:56:17.376Z"}
{"level":"info","message":"Enter first namet","timestamp":"2019-12-19T13:56:17.379Z"}
{"level":"info","message":"Enter Last Name","timestamp":"2019-12-19T13:56:17.382Z"}
{"level":"info","message":"Enter company Name","timestamp":"2019-12-19T13:56:17.385Z"}
{"level":"info","message":"Enter Address1","timestamp":"2019-12-19T13:56:17.390Z"}
{"level":"info","message":"Enter Address2","timestamp":"2019-12-19T13:56:17.393Z"}
{"level":"info","message":"Enter city Name","timestamp":"2019-12-19T13:56:17.396Z"}
{"level":"info","message":"Select State","timestamp":"2019-12-19T13:56:17.397Z"}
{"level":"info","message":"Enter zipcodet","timestamp":"2019-12-19T13:56:17.400Z"}
{"level":"info","message":"Enter Phone","timestamp":"2019-12-19T13:56:17.406Z"}
{"level":"info","message":"Click on Save","timestamp":"2019-12-19T13:56:17.408Z"}
{"level":"info","message":"Click on save and continue","timestamp":"2019-12-19T13:56:17.411Z"}
{"level":"info","message":"Select shipping Method","timestamp":"2019-12-19T13:56:17.412Z"}
{"level":"info","message":"Click on Save and continue","timestamp":"2019-12-19T13:56:17.414Z"}
{"level":"info","message":"Enter Comments","timestamp":"2019-12-19T13:56:17.417Z"}
{"level":"info","message":"Enter dummy instruction","timestamp":"2019-12-19T13:56:17.421Z"}
{"level":"info","message":"Enter wareHouse inst..","timestamp":"2019-12-19T13:56:17.425Z"}
{"level":"info","message":"Click on Submit order","timestamp":"2019-12-19T13:56:17.430Z"}
{"level":"info","message":"Launch the Core Buyer URL","timestamp":"2019-12-19T13:59:47.053Z"}
{"level":"info","message":"Launch the Core Buyer URL","timestamp":"2019-12-19T14:00:04.102Z"}
{"level":"info","message":"Launch the Core Buyer URL","timestamp":"2019-12-19T14:02:19.777Z"}
{"level":"info","message":"maxmize the window","timestamp":"2019-12-19T14:02:19.779Z"}
{"level":"info","message":"Enter username","timestamp":"2019-12-19T14:03:21.602Z"}
{"level":"info","message":"Enter Password","timestamp":"2019-12-19T14:03:21.606Z"}
{"level":"info","message":"Click on Browse Product","timestamp":"2019-12-19T14:04:39.359Z"}
{"level":"info","message":"Click on checkout","timestamp":"2019-12-19T14:05:30.371Z"}
{"level":"info","message":"Click on One time Address","timestamp":"2019-12-19T14:05:30.375Z"}
{"level":"info","message":"select country","timestamp":"2019-12-19T14:05:30.377Z"}
{"level":"info","message":"Enter first namet","timestamp":"2019-12-19T14:05:30.380Z"}
{"level":"info","message":"Enter Last Name","timestamp":"2019-12-19T14:05:30.383Z"}
{"level":"info","message":"Enter company Name","timestamp":"2019-12-19T14:05:30.386Z"}
{"level":"info","message":"Enter Address1","timestamp":"2019-12-19T14:05:30.389Z"}
{"level":"info","message":"Enter Address2","timestamp":"2019-12-19T14:05:30.393Z"}
{"level":"info","message":"Enter city Name","timestamp":"2019-12-19T14:05:30.396Z"}
{"level":"info","message":"Select State","timestamp":"2019-12-19T14:05:30.397Z"}
{"level":"info","message":"Enter zipcodet","timestamp":"2019-12-19T14:05:30.401Z"}
{"level":"info","message":"Enter Phone","timestamp":"2019-12-19T14:05:30.404Z"}
{"level":"info","message":"Click on Save","timestamp":"2019-12-19T14:05:30.406Z"}
{"level":"info","message":"Click on save and continue","timestamp":"2019-12-19T14:05:30.410Z"}
{"level":"info","message":"Select shipping Method","timestamp":"2019-12-19T14:05:30.412Z"}
{"level":"info","message":"Click on Save and continue","timestamp":"2019-12-19T14:05:30.415Z"}
{"level":"info","message":"Enter Comments","timestamp":"2019-12-19T14:05:30.418Z"}
{"level":"info","message":"Enter dummy instruction","timestamp":"2019-12-19T14:05:30.420Z"}
{"level":"info","message":"Enter wareHouse inst..","timestamp":"2019-12-19T14:05:30.423Z"}
{"level":"info","message":"Click on Submit order","timestamp":"2019-12-19T14:05:30.430Z"}
{"level":"info","message":"Launch the Core Buyer URL","timestamp":"2019-12-19T16:10:38.625Z"}
{"level":"info","message":"maxmize the window","timestamp":"2019-12-19T16:10:38.628Z"}
{"level":"info","message":"Enter username","timestamp":"2019-12-19T16:10:59.218Z"}
{"level":"info","message":"Enter Password","timestamp":"2019-12-19T16:10:59.222Z"}
{"level":"info","message":"Click on Browse Product","timestamp":"2019-12-19T16:12:14.657Z"}
{"level":"info","message":"Click on checkout","timestamp":"2019-12-19T16:13:00.370Z"}
{"level":"info","message":"Click on One time Address","timestamp":"2019-12-19T16:13:00.375Z"}
{"level":"info","message":"select country","timestamp":"2019-12-19T16:13:00.376Z"}
{"level":"info","message":"Enter first namet","timestamp":"2019-12-19T16:13:00.380Z"}
{"level":"info","message":"Enter Last Name","timestamp":"2019-12-19T16:13:00.384Z"}
{"level":"info","message":"Enter company Name","timestamp":"2019-12-19T16:13:00.388Z"}
{"level":"info","message":"Enter Address1","timestamp":"2019-12-19T16:13:00.393Z"}
{"level":"info","message":"Enter Address2","timestamp":"2019-12-19T16:13:00.397Z"}
{"level":"info","message":"Enter city Name","timestamp":"2019-12-19T16:13:00.400Z"}
{"level":"info","message":"Select State","timestamp":"2019-12-19T16:13:00.401Z"}
{"level":"info","message":"Enter zipcodet","timestamp":"2019-12-19T16:13:00.408Z"}
{"level":"info","message":"Enter Phone","timestamp":"2019-12-19T16:13:00.412Z"}
{"level":"info","message":"Click on Save","timestamp":"2019-12-19T16:13:00.416Z"}
{"level":"info","message":"Click on save and continue","timestamp":"2019-12-19T16:13:00.419Z"}
{"level":"info","message":"Select shipping Method","timestamp":"2019-12-19T16:13:00.419Z"}
{"level":"info","message":"Click on Save and continue","timestamp":"2019-12-19T16:13:00.425Z"}
{"level":"info","message":"Enter Comments","timestamp":"2019-12-19T16:13:00.428Z"}
{"level":"info","message":"Enter dummy instruction","timestamp":"2019-12-19T16:13:00.432Z"}
{"level":"info","message":"Enter wareHouse inst..","timestamp":"2019-12-19T16:13:00.435Z"}
{"level":"info","message":"Click on Submit order","timestamp":"2019-12-19T16:13:00.447Z"}
{"level":"info","message":"Launch the Core Buyer URL","timestamp":"2019-12-19T16:14:49.064Z"}
{"level":"info","message":"maxmize the window","timestamp":"2019-12-19T16:14:49.067Z"}
{"level":"info","message":"Enter username","timestamp":"2019-12-19T16:15:10.151Z"}
{"level":"info","message":"Enter Password","timestamp":"2019-12-19T16:15:10.155Z"}
{"level":"info","message":"Launch the Core Buyer URL","timestamp":"2019-12-19T16:17:00.744Z"}
{"level":"info","message":"maxmize the window","timestamp":"2019-12-19T16:17:00.747Z"}
{"level":"info","message":"Enter username","timestamp":"2019-12-19T16:17:21.128Z"}
{"level":"info","message":"Enter Password","timestamp":"2019-12-19T16:17:21.132Z"}
{"level":"info","message":"Click on Browse Product","timestamp":"2019-12-19T16:17:43.461Z"}
{"level":"info","message":"Launch the Core Buyer URL","timestamp":"2019-12-19T16:20:09.993Z"}
{"level":"info","message":"Launch the Core Buyer URL","timestamp":"2019-12-19T16:20:16.926Z"}
{"level":"info","message":"Launch the Core Buyer URL","timestamp":"2019-12-19T16:23:30.297Z"}
{"level":"info","message":"maxmize the window","timestamp":"2019-12-19T16:23:30.300Z"}
{"level":"info","message":"Enter username","timestamp":"2019-12-19T16:23:50.879Z"}
{"level":"info","message":"Enter Password","timestamp":"2019-12-19T16:23:50.883Z"}
{"level":"info","message":"Launch the Core Buyer URL","timestamp":"2019-12-19T16:35:16.282Z"}
{"level":"info","message":"maxmize the window","timestamp":"2019-12-19T16:35:16.286Z"}
{"level":"info","message":"Enter username","timestamp":"2019-12-19T16:35:42.220Z"}
{"level":"info","message":"Enter Password","timestamp":"2019-12-19T16:35:42.227Z"}
{"level":"info","message":"Launch the Core Buyer URL","timestamp":"2019-12-19T16:40:23.255Z"}
{"level":"info","message":"maxmize the window","timestamp":"2019-12-19T16:40:23.257Z"}
{"level":"info","message":"Enter username","timestamp":"2019-12-19T16:40:50.982Z"}
{"level":"info","message":"Enter Password","timestamp":"2019-12-19T16:40:50.986Z"}
{"level":"info","message":"Click on Browse Product","timestamp":"2019-12-19T16:42:20.927Z"}
{"level":"info","message":"Click on checkout","timestamp":"2019-12-19T16:43:12.727Z"}
{"level":"info","message":"Click on One time Address","timestamp":"2019-12-19T16:43:12.733Z"}
{"level":"info","message":"select country","timestamp":"2019-12-19T16:43:12.735Z"}
{"level":"info","message":"Enter first namet","timestamp":"2019-12-19T16:43:12.738Z"}
{"level":"info","message":"Enter Last Name","timestamp":"2019-12-19T16:43:12.745Z"}
{"level":"info","message":"Enter company Name","timestamp":"2019-12-19T16:43:12.750Z"}
{"level":"info","message":"Enter Address1","timestamp":"2019-12-19T16:43:12.761Z"}
{"level":"info","message":"Enter Address2","timestamp":"2019-12-19T16:43:12.767Z"}
{"level":"info","message":"Enter city Name","timestamp":"2019-12-19T16:43:12.776Z"}
{"level":"info","message":"Select State","timestamp":"2019-12-19T16:43:12.777Z"}
{"level":"info","message":"Enter zipcodet","timestamp":"2019-12-19T16:43:12.781Z"}
{"level":"info","message":"Enter Phone","timestamp":"2019-12-19T16:43:12.784Z"}
{"level":"info","message":"Click on Save","timestamp":"2019-12-19T16:43:12.790Z"}
{"level":"info","message":"Click on save and continue","timestamp":"2019-12-19T16:43:12.795Z"}
{"level":"info","message":"Select shipping Method","timestamp":"2019-12-19T16:43:12.796Z"}
{"level":"info","message":"Click on Save and continue","timestamp":"2019-12-19T16:43:12.800Z"}
{"level":"info","message":"Enter Comments","timestamp":"2019-12-19T16:43:12.805Z"}
{"level":"info","message":"Enter dummy instruction","timestamp":"2019-12-19T16:43:12.813Z"}
{"level":"info","message":"Enter wareHouse inst..","timestamp":"2019-12-19T16:43:12.819Z"}
{"level":"info","message":"Click on Submit order","timestamp":"2019-12-19T16:43:12.838Z"}
{"level":"info","message":"Launch the Core Buyer URL","timestamp":"2019-12-21T06:39:51.970Z"}
{"level":"info","message":"maxmize the window","timestamp":"2019-12-21T06:39:51.972Z"}
{"level":"info","message":"Enter username","timestamp":"2019-12-21T06:41:42.155Z"}
{"level":"info","message":"Enter Password","timestamp":"2019-12-21T06:41:42.157Z"}
{"level":"info","message":"Launch the Core Buyer URL","timestamp":"2019-12-22T06:49:20.422Z"}
{"level":"info","message":"maxmize the window","timestamp":"2019-12-22T06:49:20.424Z"}
{"level":"info","message":"Enter username","timestamp":"2019-12-22T06:49:53.619Z"}
{"level":"info","message":"Enter Password","timestamp":"2019-12-22T06:49:53.622Z"}
{"level":"info","message":"Launch the Core Buyer URL","timestamp":"2019-12-22T06:53:05.481Z"}
{"level":"info","message":"maxmize the window","timestamp":"2019-12-22T06:53:05.483Z"}
{"level":"info","message":"Enter username","timestamp":"2019-12-22T06:53:29.981Z"}
{"level":"info","message":"Enter Password","timestamp":"2019-12-22T06:53:29.984Z"}
{"level":"info","message":"Launch the Core Buyer URL","timestamp":"2019-12-22T06:55:15.470Z"}
{"level":"info","message":"maxmize the window","timestamp":"2019-12-22T06:55:15.472Z"}
{"level":"info","message":"Enter username","timestamp":"2019-12-22T06:55:45.211Z"}
{"level":"info","message":"Enter Password","timestamp":"2019-12-22T06:55:45.215Z"}
{"level":"info","message":"Launch the Core Buyer URL","timestamp":"2019-12-22T07:04:10.670Z"}
{"level":"info","message":"maxmize the window","timestamp":"2019-12-22T07:04:10.672Z"}
{"level":"info","message":"Enter username","timestamp":"2019-12-22T07:04:50.731Z"}
{"level":"info","message":"Enter Password","timestamp":"2019-12-22T07:04:50.735Z"}
{"level":"info","message":"Launch the Core Buyer URL","timestamp":"2019-12-22T07:08:04.824Z"}
{"level":"info","message":"maxmize the window","timestamp":"2019-12-22T07:08:04.826Z"}
{"level":"info","message":"Enter username","timestamp":"2019-12-22T07:08:29.034Z"}
{"level":"info","message":"Enter Password","timestamp":"2019-12-22T07:08:29.037Z"}
{"level":"info","message":"Launch the Core Buyer URL","timestamp":"2019-12-22T07:14:15.612Z"}
{"level":"info","message":"maxmize the window","timestamp":"2019-12-22T07:14:15.614Z"}
{"level":"info","message":"Enter username","timestamp":"2019-12-22T07:15:29.755Z"}
{"level":"info","message":"Enter Password","timestamp":"2019-12-22T07:15:29.758Z"}
{"level":"info","message":"Launch the Core Buyer URL","timestamp":"2019-12-23T06:52:02.656Z"}
{"level":"info","message":"maxmize the window","timestamp":"2019-12-23T06:52:02.658Z"}
{"level":"info","message":"Enter username","timestamp":"2019-12-23T06:52:26.120Z"}
{"level":"info","message":"Enter Password","timestamp":"2019-12-23T06:52:26.124Z"}
{"level":"info","message":"Launch the Core Buyer URL","timestamp":"2019-12-23T06:57:49.744Z"}
{"level":"info","message":"maxmize the window","timestamp":"2019-12-23T06:57:49.746Z"}
{"level":"info","message":"Enter username","timestamp":"2019-12-23T06:58:11.710Z"}
{"level":"info","message":"Enter Password","timestamp":"2019-12-23T06:58:11.713Z"}
{"level":"info","message":"Launch the Core Buyer URL","timestamp":"2019-12-23T07:00:13.168Z"}
{"level":"info","message":"maxmize the window","timestamp":"2019-12-23T07:00:13.171Z"}
{"level":"info","message":"Enter username","timestamp":"2019-12-23T07:00:34.969Z"}
{"level":"info","message":"Enter Password","timestamp":"2019-12-23T07:00:34.972Z"}
{"level":"info","message":"Launch the Core Buyer URL","timestamp":"2019-12-23T07:01:23.169Z"}
{"level":"info","message":"maxmize the window","timestamp":"2019-12-23T07:01:23.171Z"}
{"level":"info","message":"Enter username","timestamp":"2019-12-23T07:01:44.339Z"}
{"level":"info","message":"Enter Password","timestamp":"2019-12-23T07:01:44.342Z"}
{"level":"info","message":"Launch the Core Buyer URL","timestamp":"2019-12-23T07:04:37.615Z"}
{"level":"info","message":"maxmize the window","timestamp":"2019-12-23T07:04:37.616Z"}
{"level":"info","message":"Enter username","timestamp":"2019-12-23T07:05:11.108Z"}
{"level":"info","message":"Enter Password","timestamp":"2019-12-23T07:05:11.111Z"}
{"level":"info","message":"Launch the Core Buyer URL","timestamp":"2019-12-23T07:09:49.918Z"}
{"level":"info","message":"maxmize the window","timestamp":"2019-12-23T07:09:49.920Z"}
{"level":"info","message":"Enter username","timestamp":"2019-12-23T07:10:10.837Z"}
{"level":"info","message":"Enter Password","timestamp":"2019-12-23T07:10:10.840Z"}
{"level":"info","message":"Launch the Core Buyer URL","timestamp":"2019-12-26T07:04:58.540Z"}
{"level":"info","message":"maxmize the window","timestamp":"2019-12-26T07:04:58.543Z"}
{"level":"info","message":"Enter username","timestamp":"2019-12-26T07:05:21.505Z"}
{"level":"info","message":"Enter Password","timestamp":"2019-12-26T07:05:21.510Z"}
{"level":"info","message":"Click on Browse Product","timestamp":"2019-12-26T07:06:40.733Z"}
{"level":"info","message":"Click on checkout","timestamp":"2019-12-26T07:07:27.395Z"}
{"level":"info","message":"Click on One time Address","timestamp":"2019-12-26T07:07:27.399Z"}
{"level":"info","message":"select country","timestamp":"2019-12-26T07:07:27.400Z"}
{"level":"info","message":"Enter first namet","timestamp":"2019-12-26T07:07:27.403Z"}
{"level":"info","message":"Enter Last Name","timestamp":"2019-12-26T07:07:27.405Z"}
{"level":"info","message":"Enter company Name","timestamp":"2019-12-26T07:07:27.410Z"}
{"level":"info","message":"Enter Address1","timestamp":"2019-12-26T07:07:27.414Z"}
{"level":"info","message":"Enter Address2","timestamp":"2019-12-26T07:07:27.417Z"}
{"level":"info","message":"Enter city Name","timestamp":"2019-12-26T07:07:27.420Z"}
{"level":"info","message":"Select State","timestamp":"2019-12-26T07:07:27.420Z"}
{"level":"info","message":"Enter zipcodet","timestamp":"2019-12-26T07:07:27.423Z"}
{"level":"info","message":"Enter Phone","timestamp":"2019-12-26T07:07:27.426Z"}
{"level":"info","message":"Click on Save","timestamp":"2019-12-26T07:07:27.429Z"}
{"level":"info","message":"Click on save and continue","timestamp":"2019-12-26T07:07:27.432Z"}
{"level":"info","message":"Select shipping Method","timestamp":"2019-12-26T07:07:27.432Z"}
{"level":"info","message":"Click on Save and continue","timestamp":"2019-12-26T07:07:27.435Z"}
{"level":"info","message":"Enter Comments","timestamp":"2019-12-26T07:07:27.438Z"}
{"level":"info","message":"Enter dummy instruction","timestamp":"2019-12-26T07:07:27.444Z"}
{"level":"info","message":"Enter wareHouse inst..","timestamp":"2019-12-26T07:07:27.448Z"}
{"level":"info","message":"Click on Submit order","timestamp":"2019-12-26T07:07:27.453Z"}
{"level":"info","message":"Launch the Core Buyer URL","timestamp":"2019-12-26T07:17:48.116Z"}
{"level":"info","message":"maxmize the window","timestamp":"2019-12-26T07:17:48.119Z"}
{"level":"info","message":"Enter username","timestamp":"2019-12-26T07:18:22.936Z"}
{"level":"info","message":"Enter Password","timestamp":"2019-12-26T07:18:22.940Z"}
{"level":"info","message":"Click on checkout","timestamp":"2019-12-26T07:20:10.735Z"}
{"level":"info","message":"Click on One time Address","timestamp":"2019-12-26T07:20:10.738Z"}
{"level":"info","message":"select country","timestamp":"2019-12-26T07:20:10.739Z"}
{"level":"info","message":"Enter first namet","timestamp":"2019-12-26T07:20:10.743Z"}
{"level":"info","message":"Enter Last Name","timestamp":"2019-12-26T07:20:10.747Z"}
{"level":"info","message":"Enter company Name","timestamp":"2019-12-26T07:20:10.750Z"}
{"level":"info","message":"Enter Address1","timestamp":"2019-12-26T07:20:10.753Z"}
{"level":"info","message":"Enter Address2","timestamp":"2019-12-26T07:20:10.756Z"}
{"level":"info","message":"Enter city Name","timestamp":"2019-12-26T07:20:10.759Z"}
{"level":"info","message":"Select State","timestamp":"2019-12-26T07:20:10.760Z"}
{"level":"info","message":"Enter zipcodet","timestamp":"2019-12-26T07:20:10.765Z"}
{"level":"info","message":"Enter Phone","timestamp":"2019-12-26T07:20:10.769Z"}
{"level":"info","message":"Click on Save","timestamp":"2019-12-26T07:20:10.773Z"}
{"level":"info","message":"Click on save and continue","timestamp":"2019-12-26T07:20:10.776Z"}
{"level":"info","message":"Select shipping Method","timestamp":"2019-12-26T07:20:10.777Z"}
{"level":"info","message":"Click on Save and continue","timestamp":"2019-12-26T07:20:10.781Z"}
{"level":"info","message":"Enter Comments","timestamp":"2019-12-26T07:20:10.786Z"}
{"level":"info","message":"Enter dummy instruction","timestamp":"2019-12-26T07:20:10.792Z"}
{"level":"info","message":"Enter wareHouse inst..","timestamp":"2019-12-26T07:20:10.797Z"}
{"level":"info","message":"Click on Submit order","timestamp":"2019-12-26T07:20:10.803Z"}
{"level":"info","message":"Launch the Core Buyer URL","timestamp":"2019-12-26T07:21:48.794Z"}
{"level":"info","message":"maxmize the window","timestamp":"2019-12-26T07:21:48.796Z"}
{"level":"info","message":"Enter username","timestamp":"2019-12-26T07:22:17.911Z"}
{"level":"info","message":"Enter Password","timestamp":"2019-12-26T07:22:17.913Z"}
{"level":"info","message":"Click on checkout","timestamp":"2019-12-26T07:24:02.948Z"}
{"level":"info","message":"Click on One time Address","timestamp":"2019-12-26T07:24:02.951Z"}
{"level":"info","message":"select country","timestamp":"2019-12-26T07:24:02.953Z"}
{"level":"info","message":"Enter first namet","timestamp":"2019-12-26T07:24:02.956Z"}
{"level":"info","message":"Enter Last Name","timestamp":"2019-12-26T07:24:02.959Z"}
{"level":"info","message":"Enter company Name","timestamp":"2019-12-26T07:24:02.962Z"}
{"level":"info","message":"Enter Address1","timestamp":"2019-12-26T07:24:02.966Z"}
{"level":"info","message":"Enter Address2","timestamp":"2019-12-26T07:24:02.969Z"}
{"level":"info","message":"Enter city Name","timestamp":"2019-12-26T07:24:02.972Z"}
{"level":"info","message":"Select State","timestamp":"2019-12-26T07:24:02.973Z"}
{"level":"info","message":"Enter zipcodet","timestamp":"2019-12-26T07:24:02.976Z"}
{"level":"info","message":"Enter Phone","timestamp":"2019-12-26T07:24:02.978Z"}
{"level":"info","message":"Click on Save","timestamp":"2019-12-26T07:24:02.981Z"}
{"level":"info","message":"Click on save and continue","timestamp":"2019-12-26T07:24:02.983Z"}
{"level":"info","message":"Select shipping Method","timestamp":"2019-12-26T07:24:02.984Z"}
{"level":"info","message":"Click on Save and continue","timestamp":"2019-12-26T07:24:02.987Z"}
{"level":"info","message":"Enter Comments","timestamp":"2019-12-26T07:24:02.992Z"}
{"level":"info","message":"Enter dummy instruction","timestamp":"2019-12-26T07:24:02.995Z"}
{"level":"info","message":"Enter wareHouse inst..","timestamp":"2019-12-26T07:24:02.998Z"}
{"level":"info","message":"Click on Submit order","timestamp":"2019-12-26T07:24:03.003Z"}
{"level":"info","message":"Launch the Core Buyer URL","timestamp":"2019-12-26T07:27:40.904Z"}
{"level":"info","message":"maxmize the window","timestamp":"2019-12-26T07:27:40.906Z"}
{"level":"info","message":"Enter username","timestamp":"2019-12-26T07:28:24.530Z"}
{"level":"info","message":"Enter Password","timestamp":"2019-12-26T07:28:24.533Z"}
{"level":"info","message":"Click on Browse Product","timestamp":"2019-12-26T07:28:49.153Z"}
{"level":"info","message":"Click view all product","timestamp":"2019-12-26T07:28:49.159Z"}
{"level":"info","message":"Click on list","timestamp":"2019-12-26T07:28:49.162Z"}
{"level":"info","message":"Click on Cart Icon","timestamp":"2019-12-26T07:29:50.292Z"}
{"level":"info","message":"Launch the Core Buyer URL","timestamp":"2019-12-26T07:35:26.233Z"}
{"level":"info","message":"maxmize the window","timestamp":"2019-12-26T07:35:26.235Z"}
{"level":"info","message":"Enter username","timestamp":"2019-12-26T07:35:45.906Z"}
{"level":"info","message":"Enter Password","timestamp":"2019-12-26T07:35:45.910Z"}
{"level":"info","message":"Launch the Core Buyer URL","timestamp":"2019-12-26T07:37:40.528Z"}
{"level":"info","message":"maxmize the window","timestamp":"2019-12-26T07:37:40.529Z"}
{"level":"info","message":"Enter username","timestamp":"2019-12-26T07:38:02.985Z"}
{"level":"info","message":"Enter Password","timestamp":"2019-12-26T07:38:02.989Z"}
{"level":"info","message":"Click on Browse Product","timestamp":"2019-12-26T07:38:25.839Z"}
{"level":"info","message":"Click view all product","timestamp":"2019-12-26T07:38:25.841Z"}
{"level":"info","message":"Click on list","timestamp":"2019-12-26T07:38:25.845Z"}
{"level":"info","message":"Click on Cart Icon","timestamp":"2019-12-26T07:39:24.927Z"}
{"level":"info","message":"Launch the Core Buyer URL","timestamp":"2019-12-26T07:40:06.515Z"}
{"level":"info","message":"maxmize the window","timestamp":"2019-12-26T07:40:06.517Z"}
{"level":"info","message":"Enter username","timestamp":"2019-12-26T07:40:27.927Z"}
{"level":"info","message":"Enter Password","timestamp":"2019-12-26T07:40:27.930Z"}
{"level":"info","message":"Click on Cart Icon","timestamp":"2019-12-26T07:41:50.068Z"}
{"level":"info","message":"Launch the Core Buyer URL","timestamp":"2019-12-26T07:44:02.390Z"}
{"level":"info","message":"maxmize the window","timestamp":"2019-12-26T07:44:02.392Z"}
{"level":"info","message":"Enter username","timestamp":"2019-12-26T07:45:07.292Z"}
{"level":"info","message":"Enter Password","timestamp":"2019-12-26T07:45:07.295Z"}
{"level":"info","message":"Click on Browse Product","timestamp":"2019-12-26T07:45:30.512Z"}
{"level":"info","message":"Click view all product","timestamp":"2019-12-26T07:45:30.514Z"}
{"level":"info","message":"Click on list","timestamp":"2019-12-26T07:45:30.517Z"}
{"level":"info","message":"Click on Cart Icon","timestamp":"2019-12-26T07:46:44.712Z"}
{"level":"info","message":"Launch the Core Buyer URL","timestamp":"2019-12-26T08:03:31.995Z"}
{"level":"info","message":"maxmize the window","timestamp":"2019-12-26T08:03:31.997Z"}
{"level":"info","message":"Enter username","timestamp":"2019-12-26T08:03:51.551Z"}
{"level":"info","message":"Enter Password","timestamp":"2019-12-26T08:03:51.554Z"}
{"level":"info","message":"Click My Orders","timestamp":"2019-12-26T08:04:14.791Z"}
{"level":"info","message":"Enter some item in search box","timestamp":"2019-12-26T08:04:14.794Z"}
{"level":"info","message":"Click on  fiorder row","timestamp":"2019-12-26T08:04:14.797Z"}
{"level":"info","message":"click on Re-order icon","timestamp":"2019-12-26T08:04:41.815Z"}
{"level":"info","message":"click on Add to cart","timestamp":"2019-12-26T08:04:41.817Z"}
{"level":"info","message":"Launch the Core Buyer URL","timestamp":"2019-12-26T08:05:38.937Z"}
{"level":"info","message":"maxmize the window","timestamp":"2019-12-26T08:05:38.939Z"}
{"level":"info","message":"Enter username","timestamp":"2019-12-26T08:05:58.270Z"}
{"level":"info","message":"Enter Password","timestamp":"2019-12-26T08:05:58.273Z"}
{"level":"info","message":"Click on My Orders","timestamp":"2019-12-26T08:06:21.641Z"}
{"level":"info","message":"Select Status","timestamp":"2019-12-26T08:06:21.643Z"}
{"level":"info","message":"Enter from date","timestamp":"2019-12-26T08:06:21.645Z"}
{"level":"info","message":"Enter Todate","timestamp":"2019-12-26T08:06:21.648Z"}
{"level":"info","message":"click on order row","timestamp":"2019-12-26T08:06:21.651Z"}
{"level":"info","message":"click on order row","timestamp":"2019-12-26T08:06:21.653Z"}
{"level":"info","message":"click on Re-order icon","timestamp":"2019-12-26T08:06:58.348Z"}
{"level":"info","message":"click on Add to cart","timestamp":"2019-12-26T08:06:58.350Z"}
{"level":"info","message":"Launch the Core Buyer URL","timestamp":"2019-12-26T08:12:51.772Z"}
{"level":"info","message":"maxmize the window","timestamp":"2019-12-26T08:12:51.774Z"}
{"level":"info","message":"Enter username","timestamp":"2019-12-26T08:13:10.744Z"}
{"level":"info","message":"Enter Password","timestamp":"2019-12-26T08:13:10.748Z"}
{"level":"info","message":"Click on My Orders","timestamp":"2019-12-26T08:13:33.964Z"}
{"level":"info","message":"Select Status","timestamp":"2019-12-26T08:13:33.965Z"}
{"level":"info","message":"Enter from date","timestamp":"2019-12-26T08:13:33.968Z"}
{"level":"info","message":"Enter Todate","timestamp":"2019-12-26T08:13:33.972Z"}
{"level":"info","message":"click on order row","timestamp":"2019-12-26T08:13:33.975Z"}
{"level":"info","message":"click on order row","timestamp":"2019-12-26T08:13:33.977Z"}
{"level":"info","message":"click on Re-order icon","timestamp":"2019-12-26T08:14:10.605Z"}
{"level":"info","message":"click on Add to cart","timestamp":"2019-12-26T08:14:10.607Z"}
{"level":"info","message":"Launch the Core Buyer URL","timestamp":"2019-12-26T08:14:56.341Z"}
{"level":"info","message":"maxmize the window","timestamp":"2019-12-26T08:14:56.342Z"}
{"level":"info","message":"Enter username","timestamp":"2019-12-26T08:15:15.617Z"}
{"level":"info","message":"Enter Password","timestamp":"2019-12-26T08:15:15.620Z"}
{"level":"info","message":"Launch the Core Buyer URL","timestamp":"2019-12-26T10:03:34.717Z"}
{"level":"info","message":"maxmize the window","timestamp":"2019-12-26T10:03:34.719Z"}
{"level":"info","message":"Enter username","timestamp":"2019-12-26T10:03:59.873Z"}
{"level":"info","message":"Enter Password","timestamp":"2019-12-26T10:03:59.875Z"}
{"level":"info","message":"Launch the Core Buyer URL","timestamp":"2019-12-26T13:37:56.717Z"}
{"level":"info","message":"maxmize the window","timestamp":"2019-12-26T13:37:56.719Z"}
{"level":"info","message":"Enter username","timestamp":"2019-12-26T13:38:16.131Z"}
{"level":"info","message":"Enter Password","timestamp":"2019-12-26T13:38:16.134Z"}
{"level":"info","message":"Launch the Core Buyer URL","timestamp":"2019-12-26T13:39:55.172Z"}
{"level":"info","message":"maxmize the window","timestamp":"2019-12-26T13:39:55.174Z"}
{"level":"info","message":"Enter username","timestamp":"2019-12-26T13:40:12.942Z"}
{"level":"info","message":"Enter Password","timestamp":"2019-12-26T13:40:12.944Z"}
{"level":"info","message":"Launch the Core Buyer URL","timestamp":"2019-12-27T09:49:44.507Z"}
{"level":"info","message":"maxmize the window","timestamp":"2019-12-27T09:49:44.509Z"}
{"level":"info","message":"Enter username","timestamp":"2019-12-27T09:50:04.609Z"}
{"level":"info","message":"Enter Password","timestamp":"2019-12-27T09:50:04.611Z"}
{"level":"info","message":"Click on Browse Product","timestamp":"2019-12-27T09:51:16.729Z"}
{"level":"info","message":"Click on checkout","timestamp":"2019-12-27T09:52:01.133Z"}
{"level":"info","message":"Click on One time Address","timestamp":"2019-12-27T09:52:01.139Z"}
{"level":"info","message":"select country","timestamp":"2019-12-27T09:52:01.143Z"}
{"level":"info","message":"Enter first namet","timestamp":"2019-12-27T09:52:01.148Z"}
{"level":"info","message":"Enter Last Name","timestamp":"2019-12-27T09:52:01.152Z"}
{"level":"info","message":"Enter company Name","timestamp":"2019-12-27T09:52:01.155Z"}
{"level":"info","message":"Enter Address1","timestamp":"2019-12-27T09:52:01.158Z"}
{"level":"info","message":"Enter Address2","timestamp":"2019-12-27T09:52:01.161Z"}
{"level":"info","message":"Enter city Name","timestamp":"2019-12-27T09:52:01.164Z"}
{"level":"info","message":"Select State","timestamp":"2019-12-27T09:52:01.165Z"}
{"level":"info","message":"Enter zipcodet","timestamp":"2019-12-27T09:52:01.167Z"}
{"level":"info","message":"Enter Phone","timestamp":"2019-12-27T09:52:01.170Z"}
{"level":"info","message":"Click on Save","timestamp":"2019-12-27T09:52:01.172Z"}
{"level":"info","message":"Click on save and continue","timestamp":"2019-12-27T09:52:01.173Z"}
{"level":"info","message":"Select shipping Method","timestamp":"2019-12-27T09:52:01.174Z"}
{"level":"info","message":"Click on Save and continue","timestamp":"2019-12-27T09:52:01.177Z"}
{"level":"info","message":"Enter Comments","timestamp":"2019-12-27T09:52:01.180Z"}
{"level":"info","message":"Enter dummy instruction","timestamp":"2019-12-27T09:52:01.183Z"}
{"level":"info","message":"Enter wareHouse inst..","timestamp":"2019-12-27T09:52:01.187Z"}
{"level":"info","message":"Click on Submit order","timestamp":"2019-12-27T09:52:01.191Z"}
{"level":"info","message":"Launch the Core Buyer URL","timestamp":"2019-12-27T09:57:57.126Z"}
{"level":"info","message":"maxmize the window","timestamp":"2019-12-27T09:57:57.128Z"}
{"level":"info","message":"Enter username","timestamp":"2019-12-27T09:58:15.445Z"}
{"level":"info","message":"Enter Password","timestamp":"2019-12-27T09:58:15.447Z"}
{"level":"info","message":"Launch the Core Buyer URL","timestamp":"2019-12-27T10:02:10.778Z"}
{"level":"info","message":"maxmize the window","timestamp":"2019-12-27T10:02:10.780Z"}
{"level":"info","message":"Enter username","timestamp":"2019-12-27T10:02:28.219Z"}
{"level":"info","message":"Enter Password","timestamp":"2019-12-27T10:02:28.222Z"}
{"level":"info","message":"Launch the Core Buyer URL","timestamp":"2019-12-27T10:07:05.623Z"}
{"level":"info","message":"maxmize the window","timestamp":"2019-12-27T10:07:05.624Z"}
{"level":"info","message":"Enter username","timestamp":"2019-12-27T10:07:24.348Z"}
{"level":"info","message":"Enter Password","timestamp":"2019-12-27T10:07:24.351Z"}
{"level":"info","message":"Launch the Core Buyer URL","timestamp":"2019-12-30T08:38:57.379Z"}
{"level":"info","message":"maxmize the window","timestamp":"2019-12-30T08:38:57.381Z"}
{"level":"info","message":"Enter username","timestamp":"2019-12-30T08:39:56.814Z"}
{"level":"info","message":"Enter Password","timestamp":"2019-12-30T08:39:56.817Z"}
{"level":"info","message":"Launch the Core Buyer URL","timestamp":"2019-12-30T08:43:12.476Z"}
{"level":"info","message":"maxmize the window","timestamp":"2019-12-30T08:43:12.477Z"}
{"level":"info","message":"Enter username","timestamp":"2019-12-30T08:43:52.603Z"}
{"level":"info","message":"Enter Password","timestamp":"2019-12-30T08:43:52.605Z"}
{"level":"info","message":"Click on Browse Product","timestamp":"2019-12-30T08:44:13.589Z"}
{"level":"info","message":"Launch the Core Buyer URL","timestamp":"2019-12-30T08:46:15.281Z"}
{"level":"info","message":"maxmize the window","timestamp":"2019-12-30T08:46:15.283Z"}
{"level":"info","message":"Enter username","timestamp":"2019-12-30T08:47:01.486Z"}
{"level":"info","message":"Enter Password","timestamp":"2019-12-30T08:47:01.488Z"}
{"level":"info","message":"Click on Browse Product","timestamp":"2019-12-30T08:47:22.488Z"}
{"level":"info","message":"Launch the Core Buyer URL","timestamp":"2019-12-30T08:48:17.047Z"}
{"level":"info","message":"maxmize the window","timestamp":"2019-12-30T08:48:17.049Z"}
{"level":"info","message":"Enter username","timestamp":"2019-12-30T08:48:57.897Z"}
{"level":"info","message":"Enter Password","timestamp":"2019-12-30T08:48:57.900Z"}
{"level":"info","message":"Click on Browse Product","timestamp":"2019-12-30T08:50:11.856Z"}
{"level":"info","message":"Click view all product","timestamp":"2019-12-30T08:50:11.858Z"}
{"level":"info","message":"Click on list","timestamp":"2019-12-30T08:50:11.860Z"}
{"level":"info","message":"Click on Cart Icon","timestamp":"2019-12-30T08:50:23.828Z"}
{"level":"info","message":"Launch the Core Buyer URL","timestamp":"2019-12-30T08:51:24.657Z"}
{"level":"info","message":"maxmize the window","timestamp":"2019-12-30T08:51:24.659Z"}
{"level":"info","message":"Enter username","timestamp":"2019-12-30T08:51:44.693Z"}
{"level":"info","message":"Enter Password","timestamp":"2019-12-30T08:51:44.696Z"}
{"level":"info","message":"Click on Browse Product","timestamp":"2019-12-30T08:52:49.839Z"}
{"level":"info","message":"Click view all product","timestamp":"2019-12-30T08:52:49.842Z"}
{"level":"info","message":"Click on list","timestamp":"2019-12-30T08:52:49.846Z"}
{"level":"info","message":"Click on Cart Icon","timestamp":"2019-12-30T08:53:01.741Z"}
{"level":"info","message":"Launch the Core Buyer URL","timestamp":"2019-12-30T08:53:30.985Z"}
{"level":"info","message":"maxmize the window","timestamp":"2019-12-30T08:53:30.987Z"}
{"level":"info","message":"Enter username","timestamp":"2019-12-30T08:53:53.331Z"}
{"level":"info","message":"Enter Password","timestamp":"2019-12-30T08:53:53.334Z"}
{"level":"info","message":"Click on Browse Product","timestamp":"2019-12-30T08:55:26.752Z"}
{"level":"info","message":"Click view all product","timestamp":"2019-12-30T08:55:26.755Z"}
{"level":"info","message":"Click on list","timestamp":"2019-12-30T08:55:26.758Z"}
{"level":"info","message":"Launch the Core Buyer URL","timestamp":"2019-12-30T08:56:00.329Z"}
{"level":"info","message":"maxmize the window","timestamp":"2019-12-30T08:56:00.331Z"}
{"level":"info","message":"Enter username","timestamp":"2019-12-30T08:56:22.283Z"}
{"level":"info","message":"Enter Password","timestamp":"2019-12-30T08:56:22.288Z"}
{"level":"info","message":"Launch the Core Buyer URL","timestamp":"2019-12-30T08:59:34.929Z"}
{"level":"info","message":"maxmize the window","timestamp":"2019-12-30T08:59:34.931Z"}
{"level":"info","message":"Enter username","timestamp":"2019-12-30T08:59:53.975Z"}
{"level":"info","message":"Enter Password","timestamp":"2019-12-30T08:59:53.977Z"}
{"level":"info","message":"Launch the Core Buyer URL","timestamp":"2019-12-30T09:05:11.819Z"}
{"level":"info","message":"maxmize the window","timestamp":"2019-12-30T09:05:11.820Z"}
{"level":"info","message":"Enter username","timestamp":"2019-12-30T09:05:31.502Z"}
{"level":"info","message":"Enter Password","timestamp":"2019-12-30T09:05:31.504Z"}
{"level":"info","message":"Click on Browse Product","timestamp":"2019-12-30T09:05:54.465Z"}
{"level":"info","message":"Launch the Core Buyer URL","timestamp":"2019-12-30T09:08:00.660Z"}
{"level":"info","message":"maxmize the window","timestamp":"2019-12-30T09:08:00.661Z"}
{"level":"info","message":"Enter username","timestamp":"2019-12-30T09:08:18.697Z"}
{"level":"info","message":"Enter Password","timestamp":"2019-12-30T09:08:18.699Z"}
{"level":"info","message":"Click on Browse Product","timestamp":"2019-12-30T09:09:35.903Z"}
{"level":"info","message":"Click on checkout","timestamp":"2019-12-30T09:10:20.776Z"}
{"level":"info","message":"Click on One time Address","timestamp":"2019-12-30T09:10:20.778Z"}
{"level":"info","message":"select country","timestamp":"2019-12-30T09:10:20.779Z"}
{"level":"info","message":"Enter first namet","timestamp":"2019-12-30T09:10:20.782Z"}
{"level":"info","message":"Enter Last Name","timestamp":"2019-12-30T09:10:20.784Z"}
{"level":"info","message":"Enter company Name","timestamp":"2019-12-30T09:10:20.787Z"}
{"level":"info","message":"Enter Address1","timestamp":"2019-12-30T09:10:20.789Z"}
{"level":"info","message":"Enter Address2","timestamp":"2019-12-30T09:10:20.792Z"}
{"level":"info","message":"Enter city Name","timestamp":"2019-12-30T09:10:20.794Z"}
{"level":"info","message":"Select State","timestamp":"2019-12-30T09:10:20.795Z"}
{"level":"info","message":"Enter zipcodet","timestamp":"2019-12-30T09:10:20.799Z"}
{"level":"info","message":"Enter Phone","timestamp":"2019-12-30T09:10:20.802Z"}
{"level":"info","message":"Click on Save","timestamp":"2019-12-30T09:10:20.804Z"}
{"level":"info","message":"Click on save and continue","timestamp":"2019-12-30T09:10:20.806Z"}
{"level":"info","message":"Select shipping Method","timestamp":"2019-12-30T09:10:20.806Z"}
{"level":"info","message":"Click on Save and continue","timestamp":"2019-12-30T09:10:20.809Z"}
{"level":"info","message":"Enter Comments","timestamp":"2019-12-30T09:10:20.811Z"}
{"level":"info","message":"Enter dummy instruction","timestamp":"2019-12-30T09:10:20.813Z"}
{"level":"info","message":"Enter wareHouse inst..","timestamp":"2019-12-30T09:10:20.815Z"}
{"level":"info","message":"Click on Submit order","timestamp":"2019-12-30T09:10:20.819Z"}
{"level":"info","message":"Launch the Core Buyer URL","timestamp":"2019-12-30T09:52:44.726Z"}
{"level":"info","message":"maxmize the window","timestamp":"2019-12-30T09:52:44.728Z"}
{"level":"info","message":"Enter username","timestamp":"2019-12-30T09:53:05.460Z"}
{"level":"info","message":"Enter Password","timestamp":"2019-12-30T09:53:05.463Z"}
{"level":"info","message":"Launch the Core Buyer URL","timestamp":"2019-12-30T09:54:56.818Z"}
{"level":"info","message":"maxmize the window","timestamp":"2019-12-30T09:54:56.819Z"}
{"level":"info","message":"Enter username","timestamp":"2019-12-30T09:55:15.910Z"}
{"level":"info","message":"Enter Password","timestamp":"2019-12-30T09:55:15.913Z"}
{"level":"info","message":"Launch the Core Buyer URL","timestamp":"2019-12-30T09:57:09.127Z"}
{"level":"info","message":"maxmize the window","timestamp":"2019-12-30T09:57:09.129Z"}
{"level":"info","message":"Enter username","timestamp":"2019-12-30T09:57:28.585Z"}
{"level":"info","message":"Enter Password","timestamp":"2019-12-30T09:57:28.588Z"}
{"level":"info","message":"Click on Browse Product","timestamp":"2019-12-30T09:58:38.537Z"}
{"level":"info","message":"Click view all product","timestamp":"2019-12-30T09:58:38.540Z"}
{"level":"info","message":"Click on list","timestamp":"2019-12-30T09:58:38.543Z"}
{"level":"info","message":"Click on Cart Icon","timestamp":"2019-12-30T09:58:50.956Z"}
{"level":"info","message":"Launch the Core Buyer URL","timestamp":"2019-12-30T10:01:58.405Z"}
{"level":"info","message":"maxmize the window","timestamp":"2019-12-30T10:01:58.407Z"}
{"level":"info","message":"Enter username","timestamp":"2019-12-30T10:02:17.704Z"}
{"level":"info","message":"Enter Password","timestamp":"2019-12-30T10:02:17.707Z"}
{"level":"info","message":"Launch the Core Buyer URL","timestamp":"2019-12-30T10:04:29.678Z"}
{"level":"info","message":"maxmize the window","timestamp":"2019-12-30T10:04:29.680Z"}
{"level":"info","message":"Enter username","timestamp":"2019-12-30T10:04:49.156Z"}
{"level":"info","message":"Enter Password","timestamp":"2019-12-30T10:04:49.159Z"}
{"level":"info","message":"Launch the Core Buyer URL","timestamp":"2019-12-30T10:06:55.199Z"}
{"level":"info","message":"maxmize the window","timestamp":"2019-12-30T10:06:55.201Z"}
{"level":"info","message":"Enter username","timestamp":"2019-12-30T10:07:14.127Z"}
{"level":"info","message":"Enter Password","timestamp":"2019-12-30T10:07:14.130Z"}
{"level":"info","message":"Click on Browse Product","timestamp":"2019-12-30T10:07:37.283Z"}
{"level":"info","message":"Launch the Core Buyer URL","timestamp":"2019-12-30T10:08:45.934Z"}
{"level":"info","message":"maxmize the window","timestamp":"2019-12-30T10:08:45.936Z"}
{"level":"info","message":"Enter username","timestamp":"2019-12-30T10:09:06.124Z"}
{"level":"info","message":"Enter Password","timestamp":"2019-12-30T10:09:06.127Z"}
{"level":"info","message":"Launch the Core Buyer URL","timestamp":"2019-12-30T10:11:39.685Z"}
{"level":"info","message":"maxmize the window","timestamp":"2019-12-30T10:11:39.687Z"}
{"level":"info","message":"Enter username","timestamp":"2019-12-30T10:11:58.353Z"}
{"level":"info","message":"Enter Password","timestamp":"2019-12-30T10:11:58.356Z"}
{"level":"info","message":"Launch the Core Buyer URL","timestamp":"2019-12-30T10:13:18.322Z"}
{"level":"info","message":"maxmize the window","timestamp":"2019-12-30T10:13:18.324Z"}
{"level":"info","message":"Enter username","timestamp":"2019-12-30T10:13:37.475Z"}
{"level":"info","message":"Enter Password","timestamp":"2019-12-30T10:13:37.478Z"}
{"level":"info","message":"Launch the Core Buyer URL","timestamp":"2019-12-30T10:16:15.169Z"}
{"level":"info","message":"maxmize the window","timestamp":"2019-12-30T10:16:15.171Z"}
{"level":"info","message":"Enter username","timestamp":"2019-12-30T10:16:34.563Z"}
{"level":"info","message":"Enter Password","timestamp":"2019-12-30T10:16:34.566Z"}
{"level":"info","message":"Click on My Orders","timestamp":"2019-12-30T10:16:57.286Z"}
{"level":"info","message":"Select Status","timestamp":"2019-12-30T10:16:57.287Z"}
{"level":"info","message":"Enter from date","timestamp":"2019-12-30T10:16:57.291Z"}
{"level":"info","message":"Enter Todate","timestamp":"2019-12-30T10:16:57.294Z"}
{"level":"info","message":"click on order row","timestamp":"2019-12-30T10:16:57.298Z"}
{"level":"info","message":"click on order row","timestamp":"2019-12-30T10:16:57.301Z"}
{"level":"info","message":"click on Re-order icon","timestamp":"2019-12-30T10:17:34.278Z"}
{"level":"info","message":"click on Add to cart","timestamp":"2019-12-30T10:17:34.280Z"}
{"level":"info","message":"Launch the Core Buyer URL","timestamp":"2019-12-30T10:18:53.584Z"}
{"level":"info","message":"maxmize the window","timestamp":"2019-12-30T10:18:53.586Z"}
{"level":"info","message":"Enter username","timestamp":"2019-12-30T10:19:12.961Z"}
{"level":"info","message":"Enter Password","timestamp":"2019-12-30T10:19:12.964Z"}
{"level":"info","message":"Click on Browse Product","timestamp":"2019-12-30T10:20:24.700Z"}
{"level":"info","message":"Click on checkout","timestamp":"2019-12-30T10:21:10.492Z"}
{"level":"info","message":"Click on One time Address","timestamp":"2019-12-30T10:21:10.500Z"}
{"level":"info","message":"select country","timestamp":"2019-12-30T10:21:10.502Z"}
{"level":"info","message":"Enter first namet","timestamp":"2019-12-30T10:21:10.511Z"}
{"level":"info","message":"Enter Last Name","timestamp":"2019-12-30T10:21:10.515Z"}
{"level":"info","message":"Enter company Name","timestamp":"2019-12-30T10:21:10.519Z"}
{"level":"info","message":"Enter Address1","timestamp":"2019-12-30T10:21:10.522Z"}
{"level":"info","message":"Enter Address2","timestamp":"2019-12-30T10:21:10.527Z"}
{"level":"info","message":"Enter city Name","timestamp":"2019-12-30T10:21:10.531Z"}
{"level":"info","message":"Select State","timestamp":"2019-12-30T10:21:10.532Z"}
{"level":"info","message":"Enter zipcodet","timestamp":"2019-12-30T10:21:10.536Z"}
{"level":"info","message":"Enter Phone","timestamp":"2019-12-30T10:21:10.540Z"}
{"level":"info","message":"Click on Save","timestamp":"2019-12-30T10:21:10.543Z"}
{"level":"info","message":"Click on save and continue","timestamp":"2019-12-30T10:21:10.545Z"}
{"level":"info","message":"Select shipping Method","timestamp":"2019-12-30T10:21:10.547Z"}
{"level":"info","message":"Click on Save and continue","timestamp":"2019-12-30T10:21:10.550Z"}
{"level":"info","message":"Enter Comments","timestamp":"2019-12-30T10:21:10.552Z"}
{"level":"info","message":"Enter dummy instruction","timestamp":"2019-12-30T10:21:10.555Z"}
{"level":"info","message":"Enter wareHouse inst..","timestamp":"2019-12-30T10:21:10.557Z"}
{"level":"info","message":"Click on Submit order","timestamp":"2019-12-30T10:21:10.564Z"}
{"level":"info","message":"Launch the Core Buyer URL","timestamp":"2019-12-30T10:39:27.591Z"}
{"level":"info","message":"maxmize the window","timestamp":"2019-12-30T10:39:27.592Z"}
{"level":"info","message":"Enter username","timestamp":"2019-12-30T10:39:48.663Z"}
{"level":"info","message":"Enter Password","timestamp":"2019-12-30T10:39:48.667Z"}
{"level":"info","message":"Launch the Core Buyer URL","timestamp":"2019-12-30T10:40:53.889Z"}
{"level":"info","message":"maxmize the window","timestamp":"2019-12-30T10:40:53.891Z"}
{"level":"info","message":"Enter username","timestamp":"2019-12-30T10:41:13.740Z"}
{"level":"info","message":"Enter Password","timestamp":"2019-12-30T10:41:13.743Z"}
{"level":"info","message":"Click on Browse Product","timestamp":"2019-12-30T10:42:05.500Z"}
{"level":"info","message":"Click on View All product","timestamp":"2019-12-30T10:42:05.509Z"}
{"level":"info","message":"Click on Grid","timestamp":"2019-12-30T10:42:05.512Z"}
{"level":"info","message":"Enter qty","timestamp":"2019-12-30T10:42:15.037Z"}
{"level":"info","message":"Click on Add to Cart Button","timestamp":"2019-12-30T10:42:15.039Z"}
{"level":"info","message":"Click on Cart Icon","timestamp":"2019-12-30T10:42:15.154Z"}
{"level":"info","message":"Launch the Core Buyer URL","timestamp":"2019-12-30T10:43:33.925Z"}
{"level":"info","message":"maxmize the window","timestamp":"2019-12-30T10:43:33.926Z"}
{"level":"info","message":"Enter username","timestamp":"2019-12-30T10:43:52.954Z"}
{"level":"info","message":"Enter Password","timestamp":"2019-12-30T10:43:52.957Z"}
{"level":"info","message":"Click on Browse Product","timestamp":"2019-12-30T10:44:16.094Z"}
{"level":"info","message":"Click view all product","timestamp":"2019-12-30T10:44:16.097Z"}
{"level":"info","message":"Click on list","timestamp":"2019-12-30T10:44:16.099Z"}
{"level":"info","message":"Click on Cart Icon","timestamp":"2019-12-30T10:45:14.708Z"}
{"level":"info","message":"Launch the Core Buyer URL","timestamp":"2019-12-30T10:46:47.794Z"}
{"level":"info","message":"maxmize the window","timestamp":"2019-12-30T10:46:47.795Z"}
{"level":"info","message":"Enter username","timestamp":"2019-12-30T10:47:07.694Z"}
{"level":"info","message":"Enter Password","timestamp":"2019-12-30T10:47:07.697Z"}
{"level":"info","message":"Click on Cart Icon","timestamp":"2019-12-30T10:48:18.107Z"}
{"level":"info","message":"Launch the Core Buyer URL","timestamp":"2019-12-30T10:49:14.098Z"}
{"level":"info","message":"maxmize the window","timestamp":"2019-12-30T10:49:14.100Z"}
{"level":"info","message":"Enter username","timestamp":"2019-12-30T10:49:33.474Z"}
{"level":"info","message":"Enter Password","timestamp":"2019-12-30T10:49:33.476Z"}
{"level":"info","message":"Launch the Core Buyer URL","timestamp":"2020-01-03T12:18:42.509Z"}
{"level":"info","message":"maxmize the window","timestamp":"2020-01-03T12:18:42.511Z"}
{"level":"info","message":"Enter username","timestamp":"2020-01-03T12:19:00.603Z"}
{"level":"info","message":"Enter Password","timestamp":"2020-01-03T12:19:00.608Z"}
{"level":"info","message":"Launch the Core Buyer URL","timestamp":"2020-01-03T12:20:54.069Z"}
{"level":"info","message":"maxmize the window","timestamp":"2020-01-03T12:20:54.071Z"}
{"level":"info","message":"Enter username","timestamp":"2020-01-03T12:21:11.979Z"}
{"level":"info","message":"Enter Password","timestamp":"2020-01-03T12:21:11.982Z"}
{"level":"info","message":"Click on Browse Product","timestamp":"2020-01-03T12:22:23.626Z"}
{"level":"info","message":"Click on checkout","timestamp":"2020-01-03T12:23:07.966Z"}
{"level":"info","message":"Click on One time Address","timestamp":"2020-01-03T12:23:07.968Z"}
{"level":"info","message":"select country","timestamp":"2020-01-03T12:23:07.969Z"}
{"level":"info","message":"Enter first namet","timestamp":"2020-01-03T12:23:07.972Z"}
{"level":"info","message":"Enter Last Name","timestamp":"2020-01-03T12:23:07.974Z"}
{"level":"info","message":"Enter company Name","timestamp":"2020-01-03T12:23:07.978Z"}
{"level":"info","message":"Enter Address1","timestamp":"2020-01-03T12:23:07.981Z"}
{"level":"info","message":"Enter Address2","timestamp":"2020-01-03T12:23:07.983Z"}
{"level":"info","message":"Enter city Name","timestamp":"2020-01-03T12:23:07.986Z"}
{"level":"info","message":"Select State","timestamp":"2020-01-03T12:23:07.987Z"}
{"level":"info","message":"Enter zipcodet","timestamp":"2020-01-03T12:23:07.989Z"}
{"level":"info","message":"Enter Phone","timestamp":"2020-01-03T12:23:07.991Z"}
{"level":"info","message":"Click on Save","timestamp":"2020-01-03T12:23:07.996Z"}
{"level":"info","message":"Click on save and continue","timestamp":"2020-01-03T12:23:07.999Z"}
{"level":"info","message":"Select shipping Method","timestamp":"2020-01-03T12:23:08.000Z"}
{"level":"info","message":"Click on Save and continue","timestamp":"2020-01-03T12:23:08.005Z"}
{"level":"info","message":"Enter Comments","timestamp":"2020-01-03T12:23:08.009Z"}
{"level":"info","message":"Enter dummy instruction","timestamp":"2020-01-03T12:23:08.012Z"}
{"level":"info","message":"Enter wareHouse inst..","timestamp":"2020-01-03T12:23:08.017Z"}
{"level":"info","message":"Click on Submit order","timestamp":"2020-01-03T12:23:08.034Z"}
